Perltidy version is 20160302

27: comp/final_line_num.t       COMPAT    This test is about BEGIN / ...
    ^                                                                   
found bareword where operator expected

Missing ';' above?

28: comp/hints.t                COMPAT    tests are using BEGIN bloc ...
         ^                                                              
found bareword where operator expected

30: ... h and will be merged eventually. It's a real bug for now.
                                            ^                    
found s where operator expected
32:	
Partial match to quote modifier [msixpodualngc] at word: 'code'
Please put a space between quote modifiers and trailing keywords.

33: io/open.t                   TESTS     BC issue #219 (overload) - ...
    ^                                                                   
found bareword where operator expected

Missing ';' above?

38: op/caller.t                 TESTS     Test results:
    ^                                                  
found bareword where operator expected

Missing ';' above?

There is no previous '?' to match a ':' on line 43
43: op/eval.t                   SKIP      TODO: infinite loop while  ...
                                              ^

47: op/lexsub.t                 BC        BC issue #219 - overload issue
    ^                                                                   
found bareword where operator expected

Missing ';' above?

There is no previous '?' to match a ':' on line 49
49: op/magic.t                  TESTS     Test results:
                                                      ^

Missing ';' above?

There is no previous '?' to match a ':' on line 54
54: op/sprintf2.t               SKIP      flapping test: Tests are i ...
                                                       ^

There is no previous '(' to match a ')' on line 71
71: re/reg_eval_scope.t         PLAN      BC issue #295 - (?{}) shou ...
No further warnings will be given
